K          -> Y  //Through Ball 
J          -> X  //Lob Pass 
SPACE      -> B  //Shoot 
L          -> A  //Short Pass
LCONTROL   -> LB //Player Run Modifier
I          -> RB //Finesse Shot
CAPITAL    -> LT //Pace Control
LSHIFT     -> RT //Sprint	
W          -> Left Stick UP 
S          -> Left Stick Down
A          -> Left Stick Left
D          -> Left Stick Right
UP         -> Pov Up    //Tactics UP 
LEFT       -> Pov Left  //Mentality Left 
DOWN       -> Pov Down  //Tactics Down
RIGHT      -> Pov Right //Mentality Right
NUMPAD8    -> Right Stick UP	
NUMPAD4    -> Right Stick Left 
NUMPAD2    -> Right Stick Down 
NUMPAD6    -> Right Stick Right
K          -> Y   //Rush GK 
J          -> X   //Sliding Tackle 
SPACE      -> B   //Standing Tackle 
L          -> A   //Contain 
LCONTROL   -> LB  //Change Player 
I          -> RB  //Teammate Contain 
CAPITAL    -> LT  //Jockey 

#Important::
//Do not change ORDER of the settings or DELETE any line. 
//Do not use TAB key while editing this
//Don't confuse if first 7 are same as last 7, they are intended for attack and defence respectively,
  they may or may not be same depending on your own configuration.